0 info it worked if it ends with ok
1 verbose cli [ 'C:\\Program Files\\nodejs\\\\node.exe',
1 verbose cli   'C:\\Program Files\\nodejs\\node_modules\\npm\\bin\\npm-cli.js',
1 verbose cli   'install',
1 verbose cli   '--global',
1 verbose cli   'yo',
1 verbose cli   'bower',
1 verbose cli   'grunt-cli' ]
2 info using npm@2.11.2
3 info using node@v0.12.5
4 verbose install initial load of C:\Users\sebastian.garces\AppData\Roaming\npm\package.json
5 verbose readDependencies loading dependencies from C:\Users\sebastian.garces\AppData\Roaming\npm\package.json
6 silly cache add args [ 'yo', null ]
7 verbose cache add spec yo
8 silly cache add args [ 'bower', null ]
9 verbose cache add spec bower
10 silly cache add args [ 'grunt-cli', null ]
11 verbose cache add spec grunt-cli
12 silly cache add parsed spec { raw: 'yo',
12 silly cache add   scope: null,
12 silly cache add   name: 'yo',
12 silly cache add   rawSpec: '',
12 silly cache add   spec: '*',
12 silly cache add   type: 'range' }
13 silly addNamed yo@*
14 verbose addNamed "*" is a valid semver range for yo
15 silly addNameRange { name: 'yo', range: '*', hasData: false }
16 silly mapToRegistry name yo
17 silly mapToRegistry using default registry
18 silly mapToRegistry registry https://registry.npmjs.org/
19 silly mapToRegistry uri https://registry.npmjs.org/yo
20 verbose addNameRange registry:https://registry.npmjs.org/yo not in flight; fetching
21 silly cache add parsed spec { raw: 'bower',
21 silly cache add   scope: null,
21 silly cache add   name: 'bower',
21 silly cache add   rawSpec: '',
21 silly cache add   spec: '*',
21 silly cache add   type: 'range' }
22 silly addNamed bower@*
23 verbose addNamed "*" is a valid semver range for bower
24 silly addNameRange { name: 'bower', range: '*', hasData: false }
25 silly mapToRegistry name bower
26 silly mapToRegistry using default registry
27 silly mapToRegistry registry https://registry.npmjs.org/
28 silly mapToRegistry uri https://registry.npmjs.org/bower
29 verbose addNameRange registry:https://registry.npmjs.org/bower not in flight; fetching
30 silly cache add parsed spec { raw: 'grunt-cli',
30 silly cache add   scope: null,
30 silly cache add   name: 'grunt-cli',
30 silly cache add   rawSpec: '',
30 silly cache add   spec: '*',
30 silly cache add   type: 'range' }
31 silly addNamed grunt-cli@*
32 verbose addNamed "*" is a valid semver range for grunt-cli
33 silly addNameRange { name: 'grunt-cli', range: '*', hasData: false }
34 silly mapToRegistry name grunt-cli
35 silly mapToRegistry using default registry
36 silly mapToRegistry registry https://registry.npmjs.org/
37 silly mapToRegistry uri https://registry.npmjs.org/grunt-cli
38 verbose addNameRange registry:https://registry.npmjs.org/grunt-cli not in flight; fetching
39 verbose request uri https://registry.npmjs.org/yo
40 verbose request no auth needed
41 info attempt registry request try #1 at 08:12:39
42 verbose request id c65e7e235df634ea
43 http request GET https://registry.npmjs.org/yo
44 verbose request uri https://registry.npmjs.org/bower
45 verbose request no auth needed
46 info attempt registry request try #1 at 08:12:39
47 http request GET https://registry.npmjs.org/bower
48 verbose request uri https://registry.npmjs.org/grunt-cli
49 verbose request no auth needed
50 info attempt registry request try #1 at 08:12:39
51 http request GET https://registry.npmjs.org/grunt-cli
52 info retry will retry, error on last attempt: Error: connect ETIMEDOUT
53 info retry will retry, error on last attempt: Error: connect ETIMEDOUT
54 info retry will retry, error on last attempt: Error: connect ETIMEDOUT
55 info attempt registry request try #2 at 08:13:10
56 http request GET https://registry.npmjs.org/grunt-cli
57 info attempt registry request try #2 at 08:13:10
58 http request GET https://registry.npmjs.org/bower
59 info attempt registry request try #2 at 08:13:10
60 http request GET https://registry.npmjs.org/yo
61 info retry will retry, error on last attempt: Error: connect ETIMEDOUT
62 info retry will retry, error on last attempt: Error: connect ETIMEDOUT
63 info retry will retry, error on last attempt: Error: connect ETIMEDOUT
64 info attempt registry request try #3 at 08:14:31
65 http request GET https://registry.npmjs.org/bower
66 info attempt registry request try #3 at 08:14:31
67 http request GET https://registry.npmjs.org/yo
68 info attempt registry request try #3 at 08:14:31
69 http request GET https://registry.npmjs.org/grunt-cli
70 verbose stack Error: connect ETIMEDOUT
70 verbose stack     at exports._errnoException (util.js:746:11)
70 verbose stack     at TCPConnectWrap.afterConnect [as oncomplete] (net.js:1010:19)
71 verbose cwd C:\Users\sebastian.garces\git
72 error Windows_NT 6.1.7601
73 error argv "C:\\Program Files\\nodejs\\\\node.exe" "C:\\Program Files\\nodejs\\node_modules\\npm\\bin\\npm-cli.js" "install" "--global" "yo" "bower" "grunt-cli"
74 error node v0.12.5
75 error npm  v2.11.2
76 error code ETIMEDOUT
77 error errno ETIMEDOUT
78 error syscall connect
79 error network connect ETIMEDOUT
79 error network This is most likely not a problem with npm itself
79 error network and is related to network connectivity.
79 error network In most cases you are behind a proxy or have bad network settings.
79 error network
79 error network If you are behind a proxy, please make sure that the
79 error network 'proxy' config is set properly.  See: 'npm help config'
80 verbose exit [ 1, true ]
